

================================================================
== Vitis HLS Report for 'Block_entry4_proc2'
================================================================
* Date:           Tue Aug  2 23:46:31 2022

* Version:        2022.1 (Build 3526262 on Mon Apr 18 15:47:01 MDT 2022)
* Project:        serialize_nobubbles
* Solution:       solution1 (Vivado IP Flow Target)
* Product family: zynquplus
* Target device:  xczu15eg-ffvb1156-2-i


================================================================
== Performance Estimates
================================================================
+ Timing: 
    * Summary: 
    +--------+----------+----------+------------+
    |  Clock |  Target  | Estimated| Uncertainty|
    +--------+----------+----------+------------+
    |ap_clk  |  10.00 ns|  0.677 ns|     2.70 ns|
    +--------+----------+----------+------------+

+ Latency: 
    * Summary: 
    +---------+---------+-----------+-----------+-----+-----+---------+
    |  Latency (cycles) |   Latency (absolute)  |  Interval | Pipeline|
    |   min   |   max   |    min    |    max    | min | max |   Type  |
    +---------+---------+-----------+-----------+-----+-----+---------+
    |        3|        3|  30.000 ns|  30.000 ns|    3|    3|       no|
    +---------+---------+-----------+-----------+-----+-----+---------+

    + Detail: 
        * Instance: 
        N/A

        * Loop: 
        N/A



================================================================
== Utilization Estimates
================================================================
* Summary: 
+-----------------+---------+------+--------+--------+-----+
|       Name      | BRAM_18K|  DSP |   FF   |   LUT  | URAM|
+-----------------+---------+------+--------+--------+-----+
|DSP              |        -|     -|       -|       -|    -|
|Expression       |        -|     -|       0|       2|    -|
|FIFO             |        -|     -|       -|       -|    -|
|Instance         |        -|     -|       -|       -|    -|
|Memory           |        -|     -|       -|       -|    -|
|Multiplexer      |        -|     -|       -|     148|    -|
|Register         |        -|     -|     229|       -|    -|
+-----------------+---------+------+--------+--------+-----+
|Total            |        0|     0|     229|     150|    0|
+-----------------+---------+------+--------+--------+-----+
|Available        |     1488|  3528|  682560|  341280|  112|
+-----------------+---------+------+--------+--------+-----+
|Utilization (%)  |        0|     0|      ~0|      ~0|    0|
+-----------------+---------+------+--------+--------+-----+

+ Detail: 
    * Instance: 
    N/A

    * DSP: 
    N/A

    * Memory: 
    N/A

    * FIFO: 
    N/A

    * Expression: 
    +-----------------+----------+----+---+----+------------+------------+
    |  Variable Name  | Operation| DSP| FF| LUT| Bitwidth P0| Bitwidth P1|
    +-----------------+----------+----+---+----+------------+------------+
    |ap_block_state1  |        or|   0|  0|   2|           1|           1|
    +-----------------+----------+----+---+----+------------+------------+
    |Total            |          |   0|  0|   2|           1|           1|
    +-----------------+----------+----+---+----+------------+------------+

    * Multiplexer: 
    +-----------------------+----+-----------+-----+-----------+
    |          Name         | LUT| Input Size| Bits| Total Bits|
    +-----------------------+----+-----------+-----+-----------+
    |ap_NS_fsm              |  26|          5|    1|          5|
    |ap_done                |   9|          2|    1|          2|
    |input_r_TDATA_blk_n    |   9|          2|    1|          2|
    |tmp_elements_address0  |  26|          5|    3|         15|
    |tmp_elements_address1  |  26|          5|    3|         15|
    |tmp_elements_d0        |  26|          5|   32|        160|
    |tmp_elements_d1        |  26|          5|   32|        160|
    +-----------------------+----+-----------+-----+-----------+
    |Total                  | 148|         29|   73|        359|
    +-----------------------+----+-----------+-----+-----------+

    * Register: 
    +--------------------------+----+----+-----+-----------+
    |           Name           | FF | LUT| Bits| Const Bits|
    +--------------------------+----+----+-----+-----------+
    |ap_CS_fsm                 |   4|   0|    4|          0|
    |ap_done_reg               |   1|   0|    1|          0|
    |tmp_1_reg_243             |  32|   0|   32|          0|
    |tmp_2_reg_248             |  32|   0|   32|          0|
    |tmp_3_reg_253             |  32|   0|   32|          0|
    |tmp_4_reg_258             |  32|   0|   32|          0|
    |tmp_5_reg_263             |  32|   0|   32|          0|
    |tmp_6_reg_268             |  32|   0|   32|          0|
    |tmp_elements_num_reg_273  |  32|   0|   32|          0|
    +--------------------------+----+----+-----+-----------+
    |Total                     | 229|   0|  229|          0|
    +--------------------------+----+----+-----+-----------+



================================================================
== Interface
================================================================
* Summary: 
+-----------------------+-----+-----+------------+--------------------+--------------+
|       RTL Ports       | Dir | Bits|  Protocol  |    Source Object   |    C Type    |
+-----------------------+-----+-----+------------+--------------------+--------------+
|ap_clk                 |   in|    1|  ap_ctrl_hs|  Block_entry4_proc2|  return value|
|ap_rst                 |   in|    1|  ap_ctrl_hs|  Block_entry4_proc2|  return value|
|ap_start               |   in|    1|  ap_ctrl_hs|  Block_entry4_proc2|  return value|
|ap_done                |  out|    1|  ap_ctrl_hs|  Block_entry4_proc2|  return value|
|ap_continue            |   in|    1|  ap_ctrl_hs|  Block_entry4_proc2|  return value|
|ap_idle                |  out|    1|  ap_ctrl_hs|  Block_entry4_proc2|  return value|
|ap_ready               |  out|    1|  ap_ctrl_hs|  Block_entry4_proc2|  return value|
|ap_return              |  out|   32|  ap_ctrl_hs|  Block_entry4_proc2|  return value|
|input_r_TDATA          |   in|  288|        axis|             input_r|       pointer|
|input_r_TVALID         |   in|    1|        axis|             input_r|       pointer|
|input_r_TREADY         |  out|    1|        axis|             input_r|       pointer|
|tmp_elements_address0  |  out|    3|   ap_memory|        tmp_elements|         array|
|tmp_elements_ce0       |  out|    1|   ap_memory|        tmp_elements|         array|
|tmp_elements_we0       |  out|    1|   ap_memory|        tmp_elements|         array|
|tmp_elements_d0        |  out|   32|   ap_memory|        tmp_elements|         array|
|tmp_elements_address1  |  out|    3|   ap_memory|        tmp_elements|         array|
|tmp_elements_ce1       |  out|    1|   ap_memory|        tmp_elements|         array|
|tmp_elements_we1       |  out|    1|   ap_memory|        tmp_elements|         array|
|tmp_elements_d1        |  out|   32|   ap_memory|        tmp_elements|         array|
+-----------------------+-----+-----+------------+--------------------+--------------+

