

================================================================
== Vitis HLS Report for 'Block_entry4_proc2'
================================================================
* Date:           Tue Aug  2 23:46:31 2022

* Version:        2022.1 (Build 3526262 on Mon Apr 18 15:47:01 MDT 2022)
* Project:        serialize_nobubbles
* Solution:       solution1 (Vivado IP Flow Target)
* Product family: zynquplus
* Target device:  xczu15eg-ffvb1156-2-i


================================================================
== Performance Estimates
================================================================
+ Timing: 
    * Summary: 
    +--------+----------+----------+------------+
    |  Clock |  Target  | Estimated| Uncertainty|
    +--------+----------+----------+------------+
    |ap_clk  |  10.00 ns|  0.677 ns|     2.70 ns|
    +--------+----------+----------+------------+

+ Latency: 
    * Summary: 
    +---------+---------+-----------+-----------+-----+-----+---------+
    |  Latency (cycles) |   Latency (absolute)  |  Interval | Pipeline|
    |   min   |   max   |    min    |    max    | min | max |   Type  |
    +---------+---------+-----------+-----------+-----+-----+---------+
    |        3|        3|  30.000 ns|  30.000 ns|    3|    3|       no|
    +---------+---------+-----------+-----------+-----+-----+---------+

    + Detail: 
        * Instance: 
        N/A

        * Loop: 
        N/A

============================================================
+ Verbose Summary: Synthesis Manager
============================================================
InlineROM: 1
ExposeGlobal: 0
============================================================
+ Verbose Summary: CDFG Model
============================================================
IsTopModel: 0
ResetActiveHigh: 1
IsCombinational: 2
IsDatapathOnly: 0
HasWiredReturn: 1
HasMFsm: 0
HasVarLatency: 1
IsPipeline: 0
IsRtlPipelined: 0
IsInstanceOverlapped: 0
IsDontTouch: 0
HasImplIP: 0
IsGatedGlobalClock: 0


============================================================
+ Verbose Summary: Schedule
============================================================
* Number of FSM states : 4
* Pipeline : 0
* Dataflow Pipeline: 0

* FSM state transitions: 
1 --> 2 
2 --> 3 
3 --> 4 
4 --> 

* FSM state operations: 

State 1 <SV = 0> <Delay = 0.67>
ST_1 : Operation 5 [1/1] (0.00ns)   --->   "%tmp = read i288 @_ssdm_op_Read.axis.volatile.i288P128A, i288 %input_r" [/proj/gsd/vivado/Vitis_HLS/2022.1/common/technology/autopilot/hls_stream_39.h:145]   --->   Operation 5 'read' 'tmp' <Predicate = true> <Delay = 0.00> <CoreInst = "axis">   --->   Core 123 'axis' <Latency = 0> <II = 1> <Delay = 1.00> <Adapter> <Opcode : >
ST_1 : Operation 6 [1/1] (0.00ns)   --->   "%trunc_ln14 = trunc i288 %tmp" [serialize_nobubbles/questionare.cpp:14]   --->   Operation 6 'trunc' 'trunc_ln14' <Predicate = true> <Delay = 0.00>
ST_1 : Operation 7 [1/1] (0.00ns)   --->   "%tmp_elements_addr = getelementptr i32 %tmp_elements, i64 0, i64 0" [serialize_nobubbles/questionare.cpp:14]   --->   Operation 7 'getelementptr' 'tmp_elements_addr' <Predicate = true> <Delay = 0.00>
ST_1 : Operation 8 [1/1] (0.67ns)   --->   "%store_ln14 = store i32 %trunc_ln14, i3 %tmp_elements_addr" [serialize_nobubbles/questionare.cpp:14]   --->   Operation 8 'store' 'store_ln14' <Predicate = true> <Delay = 0.67> <CoreInst = "RAM">   --->   Core 83 'RAM' <Latency = 1> <II = 1> <Delay = 0.67> <Storage> <Opcode : 'load' 'store'> <Ports = 2> <Width = 32> <Depth = 8> <RAM>
ST_1 : Operation 9 [1/1] (0.00ns)   --->   "%tmp_s = partselect i32 @_ssdm_op_PartSelect.i32.i288.i32.i32, i288 %tmp, i32 32, i32 63" [serialize_nobubbles/questionare.cpp:14]   --->   Operation 9 'partselect' 'tmp_s' <Predicate = true> <Delay = 0.00>
ST_1 : Operation 10 [1/1] (0.00ns)   --->   "%tmp_elements_addr_1 = getelementptr i32 %tmp_elements, i64 0, i64 1" [serialize_nobubbles/questionare.cpp:14]   --->   Operation 10 'getelementptr' 'tmp_elements_addr_1' <Predicate = true> <Delay = 0.00>
ST_1 : Operation 11 [1/1] (0.67ns)   --->   "%store_ln14 = store i32 %tmp_s, i3 %tmp_elements_addr_1" [serialize_nobubbles/questionare.cpp:14]   --->   Operation 11 'store' 'store_ln14' <Predicate = true> <Delay = 0.67> <CoreInst = "RAM">   --->   Core 83 'RAM' <Latency = 1> <II = 1> <Delay = 0.67> <Storage> <Opcode : 'load' 'store'> <Ports = 2> <Width = 32> <Depth = 8> <RAM>
ST_1 : Operation 12 [1/1] (0.00ns)   --->   "%tmp_1 = partselect i32 @_ssdm_op_PartSelect.i32.i288.i32.i32, i288 %tmp, i32 64, i32 95" [serialize_nobubbles/questionare.cpp:14]   --->   Operation 12 'partselect' 'tmp_1' <Predicate = true> <Delay = 0.00>
ST_1 : Operation 13 [1/1] (0.00ns)   --->   "%tmp_2 = partselect i32 @_ssdm_op_PartSelect.i32.i288.i32.i32, i288 %tmp, i32 96, i32 127" [serialize_nobubbles/questionare.cpp:14]   --->   Operation 13 'partselect' 'tmp_2' <Predicate = true> <Delay = 0.00>
ST_1 : Operation 14 [1/1] (0.00ns)   --->   "%tmp_3 = partselect i32 @_ssdm_op_PartSelect.i32.i288.i32.i32, i288 %tmp, i32 128, i32 159" [serialize_nobubbles/questionare.cpp:14]   --->   Operation 14 'partselect' 'tmp_3' <Predicate = true> <Delay = 0.00>
ST_1 : Operation 15 [1/1] (0.00ns)   --->   "%tmp_4 = partselect i32 @_ssdm_op_PartSelect.i32.i288.i32.i32, i288 %tmp, i32 160, i32 191" [serialize_nobubbles/questionare.cpp:14]   --->   Operation 15 'partselect' 'tmp_4' <Predicate = true> <Delay = 0.00>
ST_1 : Operation 16 [1/1] (0.00ns)   --->   "%tmp_5 = partselect i32 @_ssdm_op_PartSelect.i32.i288.i32.i32, i288 %tmp, i32 192, i32 223" [serialize_nobubbles/questionare.cpp:14]   --->   Operation 16 'partselect' 'tmp_5' <Predicate = true> <Delay = 0.00>
ST_1 : Operation 17 [1/1] (0.00ns)   --->   "%tmp_6 = partselect i32 @_ssdm_op_PartSelect.i32.i288.i32.i32, i288 %tmp, i32 224, i32 255" [serialize_nobubbles/questionare.cpp:14]   --->   Operation 17 'partselect' 'tmp_6' <Predicate = true> <Delay = 0.00>
ST_1 : Operation 18 [1/1] (0.00ns)   --->   "%tmp_elements_num = partselect i32 @_ssdm_op_PartSelect.i32.i288.i32.i32, i288 %tmp, i32 256, i32 287" [serialize_nobubbles/questionare.cpp:14]   --->   Operation 18 'partselect' 'tmp_elements_num' <Predicate = true> <Delay = 0.00>

State 2 <SV = 1> <Delay = 0.67>
ST_2 : Operation 19 [1/1] (0.00ns)   --->   "%tmp_elements_addr_2 = getelementptr i32 %tmp_elements, i64 0, i64 2" [serialize_nobubbles/questionare.cpp:14]   --->   Operation 19 'getelementptr' 'tmp_elements_addr_2' <Predicate = true> <Delay = 0.00>
ST_2 : Operation 20 [1/1] (0.67ns)   --->   "%store_ln14 = store i32 %tmp_1, i3 %tmp_elements_addr_2" [serialize_nobubbles/questionare.cpp:14]   --->   Operation 20 'store' 'store_ln14' <Predicate = true> <Delay = 0.67> <CoreInst = "RAM">   --->   Core 83 'RAM' <Latency = 1> <II = 1> <Delay = 0.67> <Storage> <Opcode : 'load' 'store'> <Ports = 2> <Width = 32> <Depth = 8> <RAM>
ST_2 : Operation 21 [1/1] (0.00ns)   --->   "%tmp_elements_addr_3 = getelementptr i32 %tmp_elements, i64 0, i64 3" [serialize_nobubbles/questionare.cpp:14]   --->   Operation 21 'getelementptr' 'tmp_elements_addr_3' <Predicate = true> <Delay = 0.00>
ST_2 : Operation 22 [1/1] (0.67ns)   --->   "%store_ln14 = store i32 %tmp_2, i3 %tmp_elements_addr_3" [serialize_nobubbles/questionare.cpp:14]   --->   Operation 22 'store' 'store_ln14' <Predicate = true> <Delay = 0.67> <CoreInst = "RAM">   --->   Core 83 'RAM' <Latency = 1> <II = 1> <Delay = 0.67> <Storage> <Opcode : 'load' 'store'> <Ports = 2> <Width = 32> <Depth = 8> <RAM>

State 3 <SV = 2> <Delay = 0.67>
ST_3 : Operation 23 [1/1] (0.00ns)   --->   "%tmp_elements_addr_4 = getelementptr i32 %tmp_elements, i64 0, i64 4" [serialize_nobubbles/questionare.cpp:14]   --->   Operation 23 'getelementptr' 'tmp_elements_addr_4' <Predicate = true> <Delay = 0.00>
ST_3 : Operation 24 [1/1] (0.67ns)   --->   "%store_ln14 = store i32 %tmp_3, i3 %tmp_elements_addr_4" [serialize_nobubbles/questionare.cpp:14]   --->   Operation 24 'store' 'store_ln14' <Predicate = true> <Delay = 0.67> <CoreInst = "RAM">   --->   Core 83 'RAM' <Latency = 1> <II = 1> <Delay = 0.67> <Storage> <Opcode : 'load' 'store'> <Ports = 2> <Width = 32> <Depth = 8> <RAM>
ST_3 : Operation 25 [1/1] (0.00ns)   --->   "%tmp_elements_addr_5 = getelementptr i32 %tmp_elements, i64 0, i64 5" [serialize_nobubbles/questionare.cpp:14]   --->   Operation 25 'getelementptr' 'tmp_elements_addr_5' <Predicate = true> <Delay = 0.00>
ST_3 : Operation 26 [1/1] (0.67ns)   --->   "%store_ln14 = store i32 %tmp_4, i3 %tmp_elements_addr_5" [serialize_nobubbles/questionare.cpp:14]   --->   Operation 26 'store' 'store_ln14' <Predicate = true> <Delay = 0.67> <CoreInst = "RAM">   --->   Core 83 'RAM' <Latency = 1> <II = 1> <Delay = 0.67> <Storage> <Opcode : 'load' 'store'> <Ports = 2> <Width = 32> <Depth = 8> <RAM>

State 4 <SV = 3> <Delay = 0.67>
ST_4 : Operation 27 [1/1] (0.00ns)   --->   "%specinterface_ln0 = specinterface void @_ssdm_op_SpecInterface, i288 %input_r, void @empty, i32 1, i32 1, void @empty_0, i32 0, i32 0, void @empty_1, void @empty_1, void @empty_1, i32 0, i32 0, i32 0, i32 0, void @empty_1, void @empty_1, i32 4294967295, i32 0"   --->   Operation 27 'specinterface' 'specinterface_ln0' <Predicate = true> <Delay = 0.00>
ST_4 : Operation 28 [1/1] (0.00ns)   --->   "%tmp_elements_addr_6 = getelementptr i32 %tmp_elements, i64 0, i64 6" [serialize_nobubbles/questionare.cpp:14]   --->   Operation 28 'getelementptr' 'tmp_elements_addr_6' <Predicate = true> <Delay = 0.00>
ST_4 : Operation 29 [1/1] (0.67ns)   --->   "%store_ln14 = store i32 %tmp_5, i3 %tmp_elements_addr_6" [serialize_nobubbles/questionare.cpp:14]   --->   Operation 29 'store' 'store_ln14' <Predicate = true> <Delay = 0.67> <CoreInst = "RAM">   --->   Core 83 'RAM' <Latency = 1> <II = 1> <Delay = 0.67> <Storage> <Opcode : 'load' 'store'> <Ports = 2> <Width = 32> <Depth = 8> <RAM>
ST_4 : Operation 30 [1/1] (0.00ns)   --->   "%tmp_elements_addr_7 = getelementptr i32 %tmp_elements, i64 0, i64 7" [serialize_nobubbles/questionare.cpp:14]   --->   Operation 30 'getelementptr' 'tmp_elements_addr_7' <Predicate = true> <Delay = 0.00>
ST_4 : Operation 31 [1/1] (0.67ns)   --->   "%store_ln14 = store i32 %tmp_6, i3 %tmp_elements_addr_7" [serialize_nobubbles/questionare.cpp:14]   --->   Operation 31 'store' 'store_ln14' <Predicate = true> <Delay = 0.67> <CoreInst = "RAM">   --->   Core 83 'RAM' <Latency = 1> <II = 1> <Delay = 0.67> <Storage> <Opcode : 'load' 'store'> <Ports = 2> <Width = 32> <Depth = 8> <RAM>
ST_4 : Operation 32 [1/1] (0.00ns)   --->   "%ret_ln14 = ret i32 %tmp_elements_num" [serialize_nobubbles/questionare.cpp:14]   --->   Operation 32 'ret' 'ret_ln14' <Predicate = true> <Delay = 0.00>


============================================================
+ Verbose Summary: Binding
============================================================
STG Binding: 
---------------- STG Properties BEGIN ----------------
- Is combinational: 0
- Is one-state seq: 0
- Is datapath-only: 0
- Is pipelined: 0
- Is top level: 0
Port [ Return ] is wired: 1; IO mode=ap_ctrl_hs:ce=0
Port [ input_r]:  wired=1; compound=1; hidden=0; nouse=0; global=0; static=0; extern=0; dir=0; type=0; pingpong=0; private_global=0; IO mode=axis:ce=0
Port [ tmp_elements]:  wired=1; compound=1; hidden=0; nouse=0; global=0; static=0; extern=0; dir=1; type=1; pingpong=1; private_global=0; MemPort=[00]; IO mode=ap_memory:ce=0
---------------- STG Properties END ------------------

---------------- Datapath Model BEGIN ----------------

<LifeTime>
<method=bitvector/>
tmp                 (read         ) [ 00000]
trunc_ln14          (trunc        ) [ 00000]
tmp_elements_addr   (getelementptr) [ 00000]
store_ln14          (store        ) [ 00000]
tmp_s               (partselect   ) [ 00000]
tmp_elements_addr_1 (getelementptr) [ 00000]
store_ln14          (store        ) [ 00000]
tmp_1               (partselect   ) [ 00100]
tmp_2               (partselect   ) [ 00100]
tmp_3               (partselect   ) [ 00110]
tmp_4               (partselect   ) [ 00110]
tmp_5               (partselect   ) [ 00111]
tmp_6               (partselect   ) [ 00111]
tmp_elements_num    (partselect   ) [ 00111]
tmp_elements_addr_2 (getelementptr) [ 00000]
store_ln14          (store        ) [ 00000]
tmp_elements_addr_3 (getelementptr) [ 00000]
store_ln14          (store        ) [ 00000]
tmp_elements_addr_4 (getelementptr) [ 00000]
store_ln14          (store        ) [ 00000]
tmp_elements_addr_5 (getelementptr) [ 00000]
store_ln14          (store        ) [ 00000]
specinterface_ln0   (specinterface) [ 00000]
tmp_elements_addr_6 (getelementptr) [ 00000]
store_ln14          (store        ) [ 00000]
tmp_elements_addr_7 (getelementptr) [ 00000]
store_ln14          (store        ) [ 00000]
ret_ln14            (ret          ) [ 00000]
</LifeTime>

<model>

<comp_list>
<comp id="0" class="1000" name="input_r">
<pin_list>
<pin id="1" dir="1" index="0" bw="1" slack="0"/>
</pin_list>
<bind>
<StgValue><ssdm name="input_r"/></StgValue>
</bind>
</comp>

<comp id="2" class="1000" name="tmp_elements">
<pin_list>
<pin id="3" dir="1" index="0" bw="1" slack="0"/>
</pin_list>
<bind>
<StgValue><ssdm name="tmp_elements"/><MemPortTyVec>0 0 </MemPortTyVec>
</StgValue>
</bind>
</comp>

<comp id="4" class="1001" name="const_4">
<pin_list>
<pin id="5" dir="1" index="0" bw="1" slack="0"/>
</pin_list>
<bind>
<StgValue><ssdm name="_ssdm_op_Read.axis.volatile.i288P128A"/></StgValue>
</bind>
</comp>

<comp id="6" class="1001" name="const_6">
<pin_list>
<pin id="7" dir="1" index="0" bw="1" slack="0"/>
</pin_list>
<bind>
<StgValue><ssdm name=""/></StgValue>
</bind>
</comp>

<comp id="8" class="1001" name="const_8">
<pin_list>
<pin id="9" dir="1" index="0" bw="1" slack="0"/>
</pin_list>
<bind>
<StgValue><ssdm name="_ssdm_op_PartSelect.i32.i288.i32.i32"/></StgValue>
</bind>
</comp>

<comp id="10" class="1001" name="const_10">
<pin_list>
<pin id="11" dir="1" index="0" bw="1" slack="0"/>
</pin_list>
<bind>
<StgValue><ssdm name=""/></StgValue>
</bind>
</comp>

<comp id="12" class="1001" name="const_12">
<pin_list>
<pin id="13" dir="1" index="0" bw="1" slack="0"/>
</pin_list>
<bind>
<StgValue><ssdm name=""/></StgValue>
</bind>
</comp>

<comp id="14" class="1001" name="const_14">
<pin_list>
<pin id="15" dir="1" index="0" bw="1" slack="0"/>
</pin_list>
<bind>
<StgValue><ssdm name=""/></StgValue>
</bind>
</comp>

<comp id="16" class="1001" name="const_16">
<pin_list>
<pin id="17" dir="1" index="0" bw="1" slack="0"/>
</pin_list>
<bind>
<StgValue><ssdm name=""/></StgValue>
</bind>
</comp>

<comp id="18" class="1001" name="const_18">
<pin_list>
<pin id="19" dir="1" index="0" bw="1" slack="0"/>
</pin_list>
<bind>
<StgValue><ssdm name=""/></StgValue>
</bind>
</comp>

<comp id="20" class="1001" name="const_20">
<pin_list>
<pin id="21" dir="1" index="0" bw="1" slack="0"/>
</pin_list>
<bind>
<StgValue><ssdm name=""/></StgValue>
</bind>
</comp>

<comp id="22" class="1001" name="const_22">
<pin_list>
<pin id="23" dir="1" index="0" bw="1" slack="0"/>
</pin_list>
<bind>
<StgValue><ssdm name=""/></StgValue>
</bind>
</comp>

<comp id="24" class="1001" name="const_24">
<pin_list>
<pin id="25" dir="1" index="0" bw="1" slack="0"/>
</pin_list>
<bind>
<StgValue><ssdm name=""/></StgValue>
</bind>
</comp>

<comp id="26" class="1001" name="const_26">
<pin_list>
<pin id="27" dir="1" index="0" bw="1" slack="0"/>
</pin_list>
<bind>
<StgValue><ssdm name=""/></StgValue>
</bind>
</comp>

<comp id="28" class="1001" name="const_28">
<pin_list>
<pin id="29" dir="1" index="0" bw="1" slack="0"/>
</pin_list>
<bind>
<StgValue><ssdm name=""/></StgValue>
</bind>
</comp>

<comp id="30" class="1001" name="const_30">
<pin_list>
<pin id="31" dir="1" index="0" bw="1" slack="0"/>
</pin_list>
<bind>
<StgValue><ssdm name=""/></StgValue>
</bind>
</comp>

<comp id="32" class="1001" name="const_32">
<pin_list>
<pin id="33" dir="1" index="0" bw="1" slack="0"/>
</pin_list>
<bind>
<StgValue><ssdm name=""/></StgValue>
</bind>
</comp>

<comp id="34" class="1001" name="const_34">
<pin_list>
<pin id="35" dir="1" index="0" bw="1" slack="0"/>
</pin_list>
<bind>
<StgValue><ssdm name=""/></StgValue>
</bind>
</comp>

<comp id="36" class="1001" name="const_36">
<pin_list>
<pin id="37" dir="1" index="0" bw="1" slack="0"/>
</pin_list>
<bind>
<StgValue><ssdm name=""/></StgValue>
</bind>
</comp>

<comp id="38" class="1001" name="const_38">
<pin_list>
<pin id="39" dir="1" index="0" bw="1" slack="0"/>
</pin_list>
<bind>
<StgValue><ssdm name=""/></StgValue>
</bind>
</comp>

<comp id="40" class="1001" name="const_40">
<pin_list>
<pin id="41" dir="1" index="0" bw="1" slack="0"/>
</pin_list>
<bind>
<StgValue><ssdm name=""/></StgValue>
</bind>
</comp>

<comp id="42" class="1001" name="const_42">
<pin_list>
<pin id="43" dir="1" index="0" bw="1" slack="0"/>
</pin_list>
<bind>
<StgValue><ssdm name=""/></StgValue>
</bind>
</comp>

<comp id="44" class="1001" name="const_44">
<pin_list>
<pin id="45" dir="1" index="0" bw="1" slack="0"/>
</pin_list>
<bind>
<StgValue><ssdm name=""/></StgValue>
</bind>
</comp>

<comp id="46" class="1001" name="const_46">
<pin_list>
<pin id="47" dir="1" index="0" bw="1" slack="0"/>
</pin_list>
<bind>
<StgValue><ssdm name=""/></StgValue>
</bind>
</comp>

<comp id="48" class="1001" name="const_48">
<pin_list>
<pin id="49" dir="1" index="0" bw="1" slack="0"/>
</pin_list>
<bind>
<StgValue><ssdm name=""/></StgValue>
</bind>
</comp>

<comp id="50" class="1001" name="const_50">
<pin_list>
<pin id="51" dir="1" index="0" bw="1" slack="0"/>
</pin_list>
<bind>
<StgValue><ssdm name=""/></StgValue>
</bind>
</comp>

<comp id="52" class="1001" name="const_52">
<pin_list>
<pin id="53" dir="1" index="0" bw="1" slack="2147483647"/>
</pin_list>
<bind>
<StgValue><ssdm name="_ssdm_op_SpecInterface"/></StgValue>
</bind>
</comp>

<comp id="54" class="1001" name="const_54">
<pin_list>
<pin id="55" dir="1" index="0" bw="1" slack="2147483647"/>
</pin_list>
<bind>
<StgValue><ssdm name="empty"/></StgValue>
</bind>
</comp>

<comp id="56" class="1001" name="const_56">
<pin_list>
<pin id="57" dir="1" index="0" bw="1" slack="2147483647"/>
</pin_list>
<bind>
<StgValue><ssdm name=""/></StgValue>
</bind>
</comp>

<comp id="58" class="1001" name="const_58">
<pin_list>
<pin id="59" dir="1" index="0" bw="1" slack="2147483647"/>
</pin_list>
<bind>
<StgValue><ssdm name="empty_0"/></StgValue>
</bind>
</comp>

<comp id="60" class="1001" name="const_60">
<pin_list>
<pin id="61" dir="1" index="0" bw="1" slack="2147483647"/>
</pin_list>
<bind>
<StgValue><ssdm name=""/></StgValue>
</bind>
</comp>

<comp id="62" class="1001" name="const_62">
<pin_list>
<pin id="63" dir="1" index="0" bw="1" slack="2147483647"/>
</pin_list>
<bind>
<StgValue><ssdm name="empty_1"/></StgValue>
</bind>
</comp>

<comp id="64" class="1001" name="const_64">
<pin_list>
<pin id="65" dir="1" index="0" bw="1" slack="2147483647"/>
</pin_list>
<bind>
<StgValue><ssdm name=""/></StgValue>
</bind>
</comp>

<comp id="66" class="1001" name="const_66">
<pin_list>
<pin id="67" dir="1" index="0" bw="1" slack="0"/>
</pin_list>
<bind>
<StgValue><ssdm name=""/></StgValue>
</bind>
</comp>

<comp id="68" class="1001" name="const_68">
<pin_list>
<pin id="69" dir="1" index="0" bw="1" slack="0"/>
</pin_list>
<bind>
<StgValue><ssdm name=""/></StgValue>
</bind>
</comp>

<comp id="70" class="1004" name="tmp_read_fu_70">
<pin_list>
<pin id="71" dir="0" index="0" bw="288" slack="0"/>
<pin id="72" dir="0" index="1" bw="288" slack="0"/>
<pin id="73" dir="1" index="2" bw="288" slack="0"/>
</pin_list>
<bind>
<opcode="read(1150) " fcode="read"/>
<opset="tmp/1 "/>
</bind>
</comp>

<comp id="76" class="1004" name="tmp_elements_addr_gep_fu_76">
<pin_list>
<pin id="77" dir="0" index="0" bw="32" slack="0"/>
<pin id="78" dir="0" index="1" bw="1" slack="0"/>
<pin id="79" dir="0" index="2" bw="1" slack="0"/>
<pin id="80" dir="1" index="3" bw="3" slack="0"/>
</pin_list>
<bind>
<opcode="getelementptr(29) " fcode="getelementptr"/>
<opset="tmp_elements_addr/1 "/>
</bind>
</comp>

<comp id="84" class="1004" name="grp_access_fu_84">
<pin_list>
<pin id="85" dir="0" index="0" bw="3" slack="0"/>
<pin id="86" dir="0" index="1" bw="32" slack="0"/>
<pin id="87" dir="0" index="2" bw="0" slack="0"/>
<pin id="89" dir="0" index="4" bw="3" slack="0"/>
<pin id="90" dir="0" index="5" bw="32" slack="2147483647"/>
<pin id="91" dir="0" index="6" bw="0" slack="2147483647"/>
<pin id="88" dir="1" index="3" bw="32" slack="2147483647"/>
<pin id="92" dir="1" index="7" bw="32" slack="2147483647"/>
</pin_list>
<bind>
<opcode="store(28) " fcode="store"/>
<opset="store_ln14/1 store_ln14/1 store_ln14/2 store_ln14/2 store_ln14/3 store_ln14/3 store_ln14/4 store_ln14/4 "/>
</bind>
</comp>

<comp id="94" class="1004" name="tmp_elements_addr_1_gep_fu_94">
<pin_list>
<pin id="95" dir="0" index="0" bw="32" slack="0"/>
<pin id="96" dir="0" index="1" bw="1" slack="0"/>
<pin id="97" dir="0" index="2" bw="1" slack="0"/>
<pin id="98" dir="1" index="3" bw="3" slack="0"/>
</pin_list>
<bind>
<opcode="getelementptr(29) " fcode="getelementptr"/>
<opset="tmp_elements_addr_1/1 "/>
</bind>
</comp>

<comp id="103" class="1004" name="tmp_elements_addr_2_gep_fu_103">
<pin_list>
<pin id="104" dir="0" index="0" bw="32" slack="0"/>
<pin id="105" dir="0" index="1" bw="1" slack="0"/>
<pin id="106" dir="0" index="2" bw="3" slack="0"/>
<pin id="107" dir="1" index="3" bw="3" slack="0"/>
</pin_list>
<bind>
<opcode="getelementptr(29) " fcode="getelementptr"/>
<opset="tmp_elements_addr_2/2 "/>
</bind>
</comp>

<comp id="112" class="1004" name="tmp_elements_addr_3_gep_fu_112">
<pin_list>
<pin id="113" dir="0" index="0" bw="32" slack="0"/>
<pin id="114" dir="0" index="1" bw="1" slack="0"/>
<pin id="115" dir="0" index="2" bw="3" slack="0"/>
<pin id="116" dir="1" index="3" bw="3" slack="0"/>
</pin_list>
<bind>
<opcode="getelementptr(29) " fcode="getelementptr"/>
<opset="tmp_elements_addr_3/2 "/>
</bind>
</comp>

<comp id="121" class="1004" name="tmp_elements_addr_4_gep_fu_121">
<pin_list>
<pin id="122" dir="0" index="0" bw="32" slack="0"/>
<pin id="123" dir="0" index="1" bw="1" slack="0"/>
<pin id="124" dir="0" index="2" bw="4" slack="0"/>
<pin id="125" dir="1" index="3" bw="3" slack="0"/>
</pin_list>
<bind>
<opcode="getelementptr(29) " fcode="getelementptr"/>
<opset="tmp_elements_addr_4/3 "/>
</bind>
</comp>

<comp id="130" class="1004" name="tmp_elements_addr_5_gep_fu_130">
<pin_list>
<pin id="131" dir="0" index="0" bw="32" slack="0"/>
<pin id="132" dir="0" index="1" bw="1" slack="0"/>
<pin id="133" dir="0" index="2" bw="4" slack="0"/>
<pin id="134" dir="1" index="3" bw="3" slack="0"/>
</pin_list>
<bind>
<opcode="getelementptr(29) " fcode="getelementptr"/>
<opset="tmp_elements_addr_5/3 "/>
</bind>
</comp>

<comp id="139" class="1004" name="tmp_elements_addr_6_gep_fu_139">
<pin_list>
<pin id="140" dir="0" index="0" bw="32" slack="0"/>
<pin id="141" dir="0" index="1" bw="1" slack="0"/>
<pin id="142" dir="0" index="2" bw="4" slack="0"/>
<pin id="143" dir="1" index="3" bw="3" slack="0"/>
</pin_list>
<bind>
<opcode="getelementptr(29) " fcode="getelementptr"/>
<opset="tmp_elements_addr_6/4 "/>
</bind>
</comp>

<comp id="148" class="1004" name="tmp_elements_addr_7_gep_fu_148">
<pin_list>
<pin id="149" dir="0" index="0" bw="32" slack="0"/>
<pin id="150" dir="0" index="1" bw="1" slack="0"/>
<pin id="151" dir="0" index="2" bw="4" slack="0"/>
<pin id="152" dir="1" index="3" bw="3" slack="0"/>
</pin_list>
<bind>
<opcode="getelementptr(29) " fcode="getelementptr"/>
<opset="tmp_elements_addr_7/4 "/>
</bind>
</comp>

<comp id="157" class="1004" name="trunc_ln14_fu_157">
<pin_list>
<pin id="158" dir="0" index="0" bw="288" slack="0"/>
<pin id="159" dir="1" index="1" bw="32" slack="0"/>
</pin_list>
<bind>
<opcode="trunc(33) " fcode="trunc"/>
<opset="trunc_ln14/1 "/>
</bind>
</comp>

<comp id="162" class="1004" name="tmp_s_fu_162">
<pin_list>
<pin id="163" dir="0" index="0" bw="32" slack="0"/>
<pin id="164" dir="0" index="1" bw="288" slack="0"/>
<pin id="165" dir="0" index="2" bw="7" slack="0"/>
<pin id="166" dir="0" index="3" bw="7" slack="0"/>
<pin id="167" dir="1" index="4" bw="32" slack="0"/>
</pin_list>
<bind>
<opcode="partselect(1002) " fcode="partselect"/>
<opset="tmp_s/1 "/>
</bind>
</comp>

<comp id="173" class="1004" name="tmp_1_fu_173">
<pin_list>
<pin id="174" dir="0" index="0" bw="32" slack="0"/>
<pin id="175" dir="0" index="1" bw="288" slack="0"/>
<pin id="176" dir="0" index="2" bw="8" slack="0"/>
<pin id="177" dir="0" index="3" bw="8" slack="0"/>
<pin id="178" dir="1" index="4" bw="32" slack="1"/>
</pin_list>
<bind>
<opcode="partselect(1002) " fcode="partselect"/>
<opset="tmp_1/1 "/>
</bind>
</comp>

<comp id="183" class="1004" name="tmp_2_fu_183">
<pin_list>
<pin id="184" dir="0" index="0" bw="32" slack="0"/>
<pin id="185" dir="0" index="1" bw="288" slack="0"/>
<pin id="186" dir="0" index="2" bw="8" slack="0"/>
<pin id="187" dir="0" index="3" bw="8" slack="0"/>
<pin id="188" dir="1" index="4" bw="32" slack="1"/>
</pin_list>
<bind>
<opcode="partselect(1002) " fcode="partselect"/>
<opset="tmp_2/1 "/>
</bind>
</comp>

<comp id="193" class="1004" name="tmp_3_fu_193">
<pin_list>
<pin id="194" dir="0" index="0" bw="32" slack="0"/>
<pin id="195" dir="0" index="1" bw="288" slack="0"/>
<pin id="196" dir="0" index="2" bw="9" slack="0"/>
<pin id="197" dir="0" index="3" bw="9" slack="0"/>
<pin id="198" dir="1" index="4" bw="32" slack="2"/>
</pin_list>
<bind>
<opcode="partselect(1002) " fcode="partselect"/>
<opset="tmp_3/1 "/>
</bind>
</comp>

<comp id="203" class="1004" name="tmp_4_fu_203">
<pin_list>
<pin id="204" dir="0" index="0" bw="32" slack="0"/>
<pin id="205" dir="0" index="1" bw="288" slack="0"/>
<pin id="206" dir="0" index="2" bw="9" slack="0"/>
<pin id="207" dir="0" index="3" bw="9" slack="0"/>
<pin id="208" dir="1" index="4" bw="32" slack="2"/>
</pin_list>
<bind>
<opcode="partselect(1002) " fcode="partselect"/>
<opset="tmp_4/1 "/>
</bind>
</comp>

<comp id="213" class="1004" name="tmp_5_fu_213">
<pin_list>
<pin id="214" dir="0" index="0" bw="32" slack="0"/>
<pin id="215" dir="0" index="1" bw="288" slack="0"/>
<pin id="216" dir="0" index="2" bw="9" slack="0"/>
<pin id="217" dir="0" index="3" bw="9" slack="0"/>
<pin id="218" dir="1" index="4" bw="32" slack="3"/>
</pin_list>
<bind>
<opcode="partselect(1002) " fcode="partselect"/>
<opset="tmp_5/1 "/>
</bind>
</comp>

<comp id="223" class="1004" name="tmp_6_fu_223">
<pin_list>
<pin id="224" dir="0" index="0" bw="32" slack="0"/>
<pin id="225" dir="0" index="1" bw="288" slack="0"/>
<pin id="226" dir="0" index="2" bw="9" slack="0"/>
<pin id="227" dir="0" index="3" bw="9" slack="0"/>
<pin id="228" dir="1" index="4" bw="32" slack="3"/>
</pin_list>
<bind>
<opcode="partselect(1002) " fcode="partselect"/>
<opset="tmp_6/1 "/>
</bind>
</comp>

<comp id="233" class="1004" name="tmp_elements_num_fu_233">
<pin_list>
<pin id="234" dir="0" index="0" bw="32" slack="0"/>
<pin id="235" dir="0" index="1" bw="288" slack="0"/>
<pin id="236" dir="0" index="2" bw="10" slack="0"/>
<pin id="237" dir="0" index="3" bw="10" slack="0"/>
<pin id="238" dir="1" index="4" bw="32" slack="3"/>
</pin_list>
<bind>
<opcode="partselect(1002) " fcode="partselect"/>
<opset="tmp_elements_num/1 "/>
</bind>
</comp>

<comp id="243" class="1005" name="tmp_1_reg_243">
<pin_list>
<pin id="244" dir="0" index="0" bw="32" slack="1"/>
<pin id="245" dir="1" index="1" bw="32" slack="1"/>
</pin_list>
<bind>
<opset="tmp_1 "/>
</bind>
</comp>

<comp id="248" class="1005" name="tmp_2_reg_248">
<pin_list>
<pin id="249" dir="0" index="0" bw="32" slack="1"/>
<pin id="250" dir="1" index="1" bw="32" slack="1"/>
</pin_list>
<bind>
<opset="tmp_2 "/>
</bind>
</comp>

<comp id="253" class="1005" name="tmp_3_reg_253">
<pin_list>
<pin id="254" dir="0" index="0" bw="32" slack="2"/>
<pin id="255" dir="1" index="1" bw="32" slack="2"/>
</pin_list>
<bind>
<opset="tmp_3 "/>
</bind>
</comp>

<comp id="258" class="1005" name="tmp_4_reg_258">
<pin_list>
<pin id="259" dir="0" index="0" bw="32" slack="2"/>
<pin id="260" dir="1" index="1" bw="32" slack="2"/>
</pin_list>
<bind>
<opset="tmp_4 "/>
</bind>
</comp>

<comp id="263" class="1005" name="tmp_5_reg_263">
<pin_list>
<pin id="264" dir="0" index="0" bw="32" slack="3"/>
<pin id="265" dir="1" index="1" bw="32" slack="3"/>
</pin_list>
<bind>
<opset="tmp_5 "/>
</bind>
</comp>

<comp id="268" class="1005" name="tmp_6_reg_268">
<pin_list>
<pin id="269" dir="0" index="0" bw="32" slack="3"/>
<pin id="270" dir="1" index="1" bw="32" slack="3"/>
</pin_list>
<bind>
<opset="tmp_6 "/>
</bind>
</comp>

<comp id="273" class="1005" name="tmp_elements_num_reg_273">
<pin_list>
<pin id="274" dir="0" index="0" bw="32" slack="3"/>
<pin id="275" dir="1" index="1" bw="32" slack="2147483647"/>
</pin_list>
<bind>
<opset="tmp_elements_num "/>
</bind>
</comp>

</comp_list>

<net_list>
<net id="74"><net_src comp="4" pin="0"/><net_sink comp="70" pin=0"/></net>

<net id="75"><net_src comp="0" pin="0"/><net_sink comp="70" pin=1"/></net>

<net id="81"><net_src comp="2" pin="0"/><net_sink comp="76" pin=0"/></net>

<net id="82"><net_src comp="6" pin="0"/><net_sink comp="76" pin=1"/></net>

<net id="83"><net_src comp="6" pin="0"/><net_sink comp="76" pin=2"/></net>

<net id="93"><net_src comp="76" pin="3"/><net_sink comp="84" pin=2"/></net>

<net id="99"><net_src comp="2" pin="0"/><net_sink comp="94" pin=0"/></net>

<net id="100"><net_src comp="6" pin="0"/><net_sink comp="94" pin=1"/></net>

<net id="101"><net_src comp="14" pin="0"/><net_sink comp="94" pin=2"/></net>

<net id="102"><net_src comp="94" pin="3"/><net_sink comp="84" pin=0"/></net>

<net id="108"><net_src comp="2" pin="0"/><net_sink comp="103" pin=0"/></net>

<net id="109"><net_src comp="6" pin="0"/><net_sink comp="103" pin=1"/></net>

<net id="110"><net_src comp="44" pin="0"/><net_sink comp="103" pin=2"/></net>

<net id="111"><net_src comp="103" pin="3"/><net_sink comp="84" pin=2"/></net>

<net id="117"><net_src comp="2" pin="0"/><net_sink comp="112" pin=0"/></net>

<net id="118"><net_src comp="6" pin="0"/><net_sink comp="112" pin=1"/></net>

<net id="119"><net_src comp="46" pin="0"/><net_sink comp="112" pin=2"/></net>

<net id="120"><net_src comp="112" pin="3"/><net_sink comp="84" pin=0"/></net>

<net id="126"><net_src comp="2" pin="0"/><net_sink comp="121" pin=0"/></net>

<net id="127"><net_src comp="6" pin="0"/><net_sink comp="121" pin=1"/></net>

<net id="128"><net_src comp="48" pin="0"/><net_sink comp="121" pin=2"/></net>

<net id="129"><net_src comp="121" pin="3"/><net_sink comp="84" pin=2"/></net>

<net id="135"><net_src comp="2" pin="0"/><net_sink comp="130" pin=0"/></net>

<net id="136"><net_src comp="6" pin="0"/><net_sink comp="130" pin=1"/></net>

<net id="137"><net_src comp="50" pin="0"/><net_sink comp="130" pin=2"/></net>

<net id="138"><net_src comp="130" pin="3"/><net_sink comp="84" pin=0"/></net>

<net id="144"><net_src comp="2" pin="0"/><net_sink comp="139" pin=0"/></net>

<net id="145"><net_src comp="6" pin="0"/><net_sink comp="139" pin=1"/></net>

<net id="146"><net_src comp="66" pin="0"/><net_sink comp="139" pin=2"/></net>

<net id="147"><net_src comp="139" pin="3"/><net_sink comp="84" pin=2"/></net>

<net id="153"><net_src comp="2" pin="0"/><net_sink comp="148" pin=0"/></net>

<net id="154"><net_src comp="6" pin="0"/><net_sink comp="148" pin=1"/></net>

<net id="155"><net_src comp="68" pin="0"/><net_sink comp="148" pin=2"/></net>

<net id="156"><net_src comp="148" pin="3"/><net_sink comp="84" pin=0"/></net>

<net id="160"><net_src comp="70" pin="2"/><net_sink comp="157" pin=0"/></net>

<net id="161"><net_src comp="157" pin="1"/><net_sink comp="84" pin=4"/></net>

<net id="168"><net_src comp="8" pin="0"/><net_sink comp="162" pin=0"/></net>

<net id="169"><net_src comp="70" pin="2"/><net_sink comp="162" pin=1"/></net>

<net id="170"><net_src comp="10" pin="0"/><net_sink comp="162" pin=2"/></net>

<net id="171"><net_src comp="12" pin="0"/><net_sink comp="162" pin=3"/></net>

<net id="172"><net_src comp="162" pin="4"/><net_sink comp="84" pin=1"/></net>

<net id="179"><net_src comp="8" pin="0"/><net_sink comp="173" pin=0"/></net>

<net id="180"><net_src comp="70" pin="2"/><net_sink comp="173" pin=1"/></net>

<net id="181"><net_src comp="16" pin="0"/><net_sink comp="173" pin=2"/></net>

<net id="182"><net_src comp="18" pin="0"/><net_sink comp="173" pin=3"/></net>

<net id="189"><net_src comp="8" pin="0"/><net_sink comp="183" pin=0"/></net>

<net id="190"><net_src comp="70" pin="2"/><net_sink comp="183" pin=1"/></net>

<net id="191"><net_src comp="20" pin="0"/><net_sink comp="183" pin=2"/></net>

<net id="192"><net_src comp="22" pin="0"/><net_sink comp="183" pin=3"/></net>

<net id="199"><net_src comp="8" pin="0"/><net_sink comp="193" pin=0"/></net>

<net id="200"><net_src comp="70" pin="2"/><net_sink comp="193" pin=1"/></net>

<net id="201"><net_src comp="24" pin="0"/><net_sink comp="193" pin=2"/></net>

<net id="202"><net_src comp="26" pin="0"/><net_sink comp="193" pin=3"/></net>

<net id="209"><net_src comp="8" pin="0"/><net_sink comp="203" pin=0"/></net>

<net id="210"><net_src comp="70" pin="2"/><net_sink comp="203" pin=1"/></net>

<net id="211"><net_src comp="28" pin="0"/><net_sink comp="203" pin=2"/></net>

<net id="212"><net_src comp="30" pin="0"/><net_sink comp="203" pin=3"/></net>

<net id="219"><net_src comp="8" pin="0"/><net_sink comp="213" pin=0"/></net>

<net id="220"><net_src comp="70" pin="2"/><net_sink comp="213" pin=1"/></net>

<net id="221"><net_src comp="32" pin="0"/><net_sink comp="213" pin=2"/></net>

<net id="222"><net_src comp="34" pin="0"/><net_sink comp="213" pin=3"/></net>

<net id="229"><net_src comp="8" pin="0"/><net_sink comp="223" pin=0"/></net>

<net id="230"><net_src comp="70" pin="2"/><net_sink comp="223" pin=1"/></net>

<net id="231"><net_src comp="36" pin="0"/><net_sink comp="223" pin=2"/></net>

<net id="232"><net_src comp="38" pin="0"/><net_sink comp="223" pin=3"/></net>

<net id="239"><net_src comp="8" pin="0"/><net_sink comp="233" pin=0"/></net>

<net id="240"><net_src comp="70" pin="2"/><net_sink comp="233" pin=1"/></net>

<net id="241"><net_src comp="40" pin="0"/><net_sink comp="233" pin=2"/></net>

<net id="242"><net_src comp="42" pin="0"/><net_sink comp="233" pin=3"/></net>

<net id="246"><net_src comp="173" pin="4"/><net_sink comp="243" pin=0"/></net>

<net id="247"><net_src comp="243" pin="1"/><net_sink comp="84" pin=4"/></net>

<net id="251"><net_src comp="183" pin="4"/><net_sink comp="248" pin=0"/></net>

<net id="252"><net_src comp="248" pin="1"/><net_sink comp="84" pin=1"/></net>

<net id="256"><net_src comp="193" pin="4"/><net_sink comp="253" pin=0"/></net>

<net id="257"><net_src comp="253" pin="1"/><net_sink comp="84" pin=4"/></net>

<net id="261"><net_src comp="203" pin="4"/><net_sink comp="258" pin=0"/></net>

<net id="262"><net_src comp="258" pin="1"/><net_sink comp="84" pin=1"/></net>

<net id="266"><net_src comp="213" pin="4"/><net_sink comp="263" pin=0"/></net>

<net id="267"><net_src comp="263" pin="1"/><net_sink comp="84" pin=4"/></net>

<net id="271"><net_src comp="223" pin="4"/><net_sink comp="268" pin=0"/></net>

<net id="272"><net_src comp="268" pin="1"/><net_sink comp="84" pin=1"/></net>

<net id="276"><net_src comp="233" pin="4"/><net_sink comp="273" pin=0"/></net>

</net_list>

</model> 
---------------- Datapath Model END ------------------

* FSMD analyzer results:
  - Output states:
	Port: tmp_elements | {1 2 3 4 }
 - Input state : 
	Port: Block_entry4_proc2 : input_r | {1 }
  - Chain level:
	State 1
		store_ln14 : 1
		store_ln14 : 1
	State 2
		store_ln14 : 1
		store_ln14 : 1
	State 3
		store_ln14 : 1
		store_ln14 : 1
	State 4
		store_ln14 : 1
		store_ln14 : 1


============================================================
+ Verbose Summary: Datapath Resource usage 
============================================================

* Functional unit list:
|----------|-------------------------|
| Operation|     Functional Unit     |
|----------|-------------------------|
|   read   |      tmp_read_fu_70     |
|----------|-------------------------|
|   trunc  |    trunc_ln14_fu_157    |
|----------|-------------------------|
|          |       tmp_s_fu_162      |
|          |       tmp_1_fu_173      |
|          |       tmp_2_fu_183      |
|partselect|       tmp_3_fu_193      |
|          |       tmp_4_fu_203      |
|          |       tmp_5_fu_213      |
|          |       tmp_6_fu_223      |
|          | tmp_elements_num_fu_233 |
|----------|-------------------------|
|   Total  |                         |
|----------|-------------------------|

Memories:
N/A

* Register list:
+------------------------+--------+
|                        |   FF   |
+------------------------+--------+
|      tmp_1_reg_243     |   32   |
|      tmp_2_reg_248     |   32   |
|      tmp_3_reg_253     |   32   |
|      tmp_4_reg_258     |   32   |
|      tmp_5_reg_263     |   32   |
|      tmp_6_reg_268     |   32   |
|tmp_elements_num_reg_273|   32   |
+------------------------+--------+
|          Total         |   224  |
+------------------------+--------+

* Multiplexer (MUX) list: 
|------------------|------|------|------|--------||---------||---------|
|       Comp       |  Pin | Size |  BW  | S x BW ||  Delay  ||   LUT   |
|------------------|------|------|------|--------||---------||---------|
| grp_access_fu_84 |  p0  |   4  |   3  |   12   ||    20   |
| grp_access_fu_84 |  p1  |   4  |  32  |   128  ||    20   |
| grp_access_fu_84 |  p2  |   4  |   0  |    0   ||    20   |
| grp_access_fu_84 |  p4  |   4  |   3  |   12   ||    20   |
|------------------|------|------|------|--------||---------||---------|
|       Total      |      |      |      |   152  ||   2.1   ||    80   |
|------------------|------|------|------|--------||---------||---------|



* Summary:
+-----------+--------+--------+--------+
|           |  Delay |   FF   |   LUT  |
+-----------+--------+--------+--------+
|  Function |    -   |    -   |    -   |
|   Memory  |    -   |    -   |    -   |
|Multiplexer|    2   |    -   |   80   |
|  Register |    -   |   224  |    -   |
+-----------+--------+--------+--------+
|   Total   |    2   |   224  |   80   |
+-----------+--------+--------+--------+
