#-----------------------------------------------------------
# xsim v2022.1 (64-bit)
# SW Build 3526262 on Mon Apr 18 15:47:01 MDT 2022
# IP Build 3524634 on Mon Apr 18 20:55:01 MDT 2022
# Start of session at: Tue Aug  2 23:49:49 2022
# Process ID: 2546760
# Current directory: /group/techsup/gaofengz/hls_work/serialize_nobubbles/solution1/sim/verilog
# Command line: xsim -source {xsim.dir/MultipleToSerial/xsim_script.tcl}
# Log file: /group/techsup/gaofengz/hls_work/serialize_nobubbles/solution1/sim/verilog/xsim.log
# Journal file: /group/techsup/gaofengz/hls_work/serialize_nobubbles/solution1/sim/verilog/xsim.jou
# Running On: xsjapps58, OS: Linux, CPU Frequency: 1200.005 MHz, CPU Physical cores: 32, Host memory: 810010 MB
#-----------------------------------------------------------
start_gui
source xsim.dir/MultipleToSerial/xsim_script.tcl
# set_param project.enableReportConfiguration 0
# load_feature core
# current_fileset
INFO: [Common 17-41] Interrupt caught. Command should exit soon.
WARNING: [Board 49-26] cannot add Board Part xilinx.com:vpk120_es:part0:1.2 available at /proj/gsd/vivado/Vivado/2022.1/data/xhub/boards/XilinxBoardStore/boards/Xilinx/vpk120/es/1.2/board.xml as part xcvp1202-vsva2785-2mp-e-s-es1 specified in board_part file is either invalid or not available
WARNING: [Board 49-26] cannot add Board Part xilinx.com:vpk120_es_revb:part0:1.0 available at /proj/gsd/vivado/Vivado/2022.1/data/xhub/boards/XilinxBoardStore/boards/Xilinx/vpk120_revb/es/1.0/board.xml as part xcvp1202-vsva2785-2mp-e-s-es1 specified in board_part file is either invalid or not available
WARNING: [Board 49-26] cannot add Board Part xilinx.com:zcu208ld:part0:2.0 available at /proj/gsd/vivado/Vivado/2022.1/data/xhub/boards/XilinxBoardStore/boards/Xilinx/zcu208ld/production/2.0/board.xml as part xczu58dr-fsvg1517-2-i specified in board_part file is either invalid or not available
WARNING: [Board 49-26] cannot add Board Part xilinx.com:zcu216ld:part0:2.0 available at /proj/gsd/vivado/Vivado/2022.1/data/xhub/boards/XilinxBoardStore/boards/Xilinx/zcu216ld/production/2.0/board.xml as part xczu59dr-ffvf1760-2-i specified in board_part file is either invalid or not available
WARNING: [Board 49-26] cannot add Board Part xilinx.com:zcu670:part0:2.0 available at /proj/gsd/vivado/Vivado/2022.1/data/xhub/boards/XilinxBoardStore/boards/Xilinx/zcu670/2.0/board.xml as part xczu67dr-fsve1156-2-i specified in board_part file is either invalid or not available
WARNING: [Board 49-26] cannot add Board Part xilinx.com:zcu670ld:part0:1.0 available at /proj/gsd/vivado/Vivado/2022.1/data/xhub/boards/XilinxBoardStore/boards/Xilinx/zcu670ld/1.0/board.xml as part xczu57dr-fsve1156-2-i specified in board_part file is either invalid or not available
INFO: [Common 17-344] 'current_fileset' was cancelled
INFO: [Common 17-344] 'source' was cancelled
INFO: [IP_Flow 19-234] Refreshing IP repositories
INFO: [IP_Flow 19-1704] No user IP repositories specified
INFO: [IP_Flow 19-2313] Loaded Vivado IP repository '/proj/gsd/vivado/Vivado/2022.1/data/ip'.
exit
INFO: [Common 17-206] Exiting xsim at Tue Aug  2 23:50:46 2022...
